<?xml version="1.0" encoding="UTF-8"?>
<!-- Generated by org.testng.reporters.JUnitReportReporter -->
<testsuite hostname="DESKTOP-F8O7HUC" failures="0" tests="1" name="com.hrms.testscript.TC002" time="14.980" errors="0" timestamp="7 Sep 2023 10:12:59 GMT">
  <testcase classname="com.hrms.testscript.TC002" name="tc002" time="14.980"/>
</testsuite> <!-- com.hrms.testscript.TC002 -->
