<?xml version="1.0" encoding="UTF-8"?>
<!-- Generated by org.testng.reporters.JUnitReportReporter -->
<testsuite hostname="DESKTOP-F8O7HUC" failures="0" tests="1" name="com.hrms.testscript.TC001" time="49.469" errors="0" timestamp="7 Sep 2023 10:12:59 GMT">
  <testcase classname="com.hrms.testscript.TC001" name="tc001" time="49.469"/>
</testsuite> <!-- com.hrms.testscript.TC001 -->
